{"numTotalTestSuites":27,"numPassedTestSuites":27,"numFailedTestSuites":0,"numPendingTestSuites":0,"numTotalTests":56,"numPassedTests":33,"numFailedTests":23,"numPendingTests":0,"numTodoTests":0,"startTime":1773266832933,"success":false,"testResults":[{"assertionResults":[{"ancestorTitles":["","auth.js — handleLogin()"],"fullName":" auth.js — handleLogin() deve autenticar com credenciais corretas e definir sessionStorage","status":"failed","title":"deve autenticar com credenciais corretas e definir sessionStorage","duration":252,"failureMessages":["expected null to be 'true' // Object.is equality"],"location":{"line":52,"column":57}},{"ancestorTitles":["","auth.js — handleLogin()"],"fullName":" auth.js — handleLogin() deve exibir mensagem de erro com credenciais inválidas","status":"failed","title":"deve exibir mensagem de erro com credenciais inválidas","duration":2,"failureMessages":["expected '' to be 'block' // Object.is equality"],"location":{"line":66,"column":35}},{"ancestorTitles":["","auth.js — handleLogin()"],"fullName":" auth.js — handleLogin() NÃO deve autenticar com usuário errado","status":"passed","title":"NÃO deve autenticar com usuário errado","duration":0,"failureMessages":[]},{"ancestorTitles":["","auth.js — handleLogout()"],"fullName":" auth.js — handleLogout() deve remover a chave de autenticação do sessionStorage","status":"failed","title":"deve remover a chave de autenticação do sessionStorage","duration":11,"failureMessages":["expected 'true' to be null"],"location":{"line":86,"column":57}},{"ancestorTitles":["","auth.js — handleLogout()"],"fullName":" auth.js — handleLogout() deve limpar os campos de login após logout","status":"failed","title":"deve limpar os campos de login após logout","duration":2,"failureMessages":["expected 'admin' to be '' // Object.is equality"],"location":{"line":94,"column":59}}],"startTime":1773266834313,"endTime":1773266834580,"status":"failed","message":"","name":"/Users/danielmendes/Library/Mobile Documents/com~apple~CloudDocs/1. DATI/1.1. DATI > ENGENHARIA DE PRODUTO/dati_control/js/tests/unit/auth.test.js"},{"assertionResults":[{"ancestorTitles":["","config.js — DB_KEY"],"fullName":" config.js — DB_KEY deve ter uma chave de banco de dados definida","status":"passed","title":"deve ter uma chave de banco de dados definida","duration":3,"failureMessages":[]},{"ancestorTitles":["","config.js — STATUS_CONFIG"],"fullName":" config.js — STATUS_CONFIG deve ter todos os status esperados","status":"failed","title":"deve ter todos os status esperados","duration":9,"failureMessages":["Status \"Cliente Ativo\" deve existir: expected undefined not to be undefined"],"location":{"line":30,"column":78}},{"ancestorTitles":["","config.js — STATUS_CONFIG"],"fullName":" config.js — STATUS_CONFIG cada status deve ter icon, class e color","status":"failed","title":"cada status deve ter icon, class e color","duration":3,"failureMessages":["Cannot read properties of undefined (reading 'icon')"],"location":{"line":37,"column":27}},{"ancestorTitles":["","config.js — STATUS_CONFIG"],"fullName":" config.js — STATUS_CONFIG classes CSS de status devem seguir o padrão \"status-*\"","status":"failed","title":"classes CSS de status devem seguir o padrão \"status-*\"","duration":0,"failureMessages":["Cannot read properties of undefined (reading 'class')"],"location":{"line":46,"column":42}},{"ancestorTitles":["","config.js — CS_VISIBLE_STATUSES"],"fullName":" config.js — CS_VISIBLE_STATUSES deve ser um array","status":"passed","title":"deve ser um array","duration":1,"failureMessages":[]},{"ancestorTitles":["","config.js — CS_VISIBLE_STATUSES"],"fullName":" config.js — CS_VISIBLE_STATUSES deve incluir apenas os 3 status de cliente","status":"failed","title":"deve incluir apenas os 3 status de cliente","duration":1,"failureMessages":["expected [ 'Ativo', 'Em Contrato', …(2) ] to include 'Cliente Ativo'"],"location":{"line":57,"column":37}},{"ancestorTitles":["","config.js — CS_VISIBLE_STATUSES"],"fullName":" config.js — CS_VISIBLE_STATUSES NÃO deve incluir status de pré-venda","status":"passed","title":"NÃO deve incluir status de pré-venda","duration":2,"failureMessages":[]},{"ancestorTitles":["","config.js — CS_VISIBLE_STATUSES"],"fullName":" config.js — CS_VISIBLE_STATUSES deve ter exatamente 3 itens","status":"failed","title":"deve ter exatamente 3 itens","duration":2,"failureMessages":["expected [ 'Ativo', 'Em Contrato', …(2) ] to have a length of 3 but got 4"],"location":{"line":70,"column":37}}],"startTime":1773266834421,"endTime":1773266834442,"status":"failed","message":"","name":"/Users/danielmendes/Library/Mobile Documents/com~apple~CloudDocs/1. DATI/1.1. DATI > ENGENHARIA DE PRODUTO/dati_control/js/tests/unit/config.test.js"},{"assertionResults":[{"ancestorTitles":["","handlers.js — saveNewContato()"],"fullName":" handlers.js — saveNewContato() deve adicionar um contato quando nome é preenchido","status":"passed","title":"deve adicionar um contato quando nome é preenchido","duration":152,"failureMessages":[]},{"ancestorTitles":["","handlers.js — saveNewContato()"],"fullName":" handlers.js — saveNewContato() NÃO deve adicionar contato quando nome está vazio","status":"passed","title":"NÃO deve adicionar contato quando nome está vazio","duration":7,"failureMessages":[]},{"ancestorTitles":["","handlers.js — saveNewContato()"],"fullName":" handlers.js — saveNewContato() deve limpar campos após salvar","status":"passed","title":"deve limpar campos após salvar","duration":3,"failureMessages":[]},{"ancestorTitles":["","handlers.js — saveTempDashboard()"],"fullName":" handlers.js — saveTempDashboard() deve adicionar um dashboard com todos os campos","status":"passed","title":"deve adicionar um dashboard com todos os campos","duration":52,"failureMessages":[]},{"ancestorTitles":["","handlers.js — saveTempDashboard()"],"fullName":" handlers.js — saveTempDashboard() NÃO deve adicionar dashboard se algum campo obrigatório estiver vazio","status":"passed","title":"NÃO deve adicionar dashboard se algum campo obrigatório estiver vazio","duration":2,"failureMessages":[]},{"ancestorTitles":["","handlers.js — saveTempNPS()"],"fullName":" handlers.js — saveTempNPS() deve adicionar registro NPS com score","status":"passed","title":"deve adicionar registro NPS com score","duration":15,"failureMessages":[]},{"ancestorTitles":["","handlers.js — saveTempNPS()"],"fullName":" handlers.js — saveTempNPS() NÃO deve salvar NPS sem score","status":"passed","title":"NÃO deve salvar NPS sem score","duration":3,"failureMessages":[]},{"ancestorTitles":["","handlers.js — addCSNote()"],"fullName":" handlers.js — addCSNote() deve adicionar nota ao tempNotes","status":"passed","title":"deve adicionar nota ao tempNotes","duration":38,"failureMessages":[]},{"ancestorTitles":["","handlers.js — addCSNote()"],"fullName":" handlers.js — addCSNote() NÃO deve adicionar nota em branco","status":"passed","title":"NÃO deve adicionar nota em branco","duration":0,"failureMessages":[]},{"ancestorTitles":["","handlers.js — addCSNote()"],"fullName":" handlers.js — addCSNote() deve limpar o campo após salvar","status":"passed","title":"deve limpar o campo após salvar","duration":6,"failureMessages":[]}],"startTime":1773266834423,"endTime":1773266834703,"status":"passed","message":"","name":"/Users/danielmendes/Library/Mobile Documents/com~apple~CloudDocs/1. DATI/1.1. DATI > ENGENHARIA DE PRODUTO/dati_control/js/tests/unit/handlers.test.js"},{"assertionResults":[{"ancestorTitles":["","navigation.js — switchView()"],"fullName":" navigation.js — switchView() deve exibir a view correta e ocultar as outras","status":"failed","title":"deve exibir a view correta e ocultar as outras","duration":114,"failureMessages":["flatpickr is not defined"],"location":{"line":1332,"column":5}},{"ancestorTitles":["","navigation.js — switchView()"],"fullName":" navigation.js — switchView() deve marcar o nav-item como active","status":"failed","title":"deve marcar o nav-item como active","duration":3,"failureMessages":["flatpickr is not defined"],"location":{"line":1332,"column":5}},{"ancestorTitles":["","navigation.js — switchView()"],"fullName":" navigation.js — switchView() deve mudar de volta para o dashboard","status":"failed","title":"deve mudar de volta para o dashboard","duration":12,"failureMessages":["flatpickr is not defined"],"location":{"line":1332,"column":5}},{"ancestorTitles":["","navigation.js — switchFormTab()"],"fullName":" navigation.js — switchFormTab() deve ativar a tab correta e desativar as outras","status":"passed","title":"deve ativar a tab correta e desativar as outras","duration":4,"failureMessages":[]},{"ancestorTitles":["","navigation.js — switchFormTab()"],"fullName":" navigation.js — switchFormTab() deve funcionar sem passar um botão (fallback)","status":"passed","title":"deve funcionar sem passar um botão (fallback)","duration":3,"failureMessages":[]},{"ancestorTitles":["","navigation.js — switchCSSubTab()"],"fullName":" navigation.js — switchCSSubTab() deve ativar o sub-conteúdo CS correto","status":"passed","title":"deve ativar o sub-conteúdo CS correto","duration":6,"failureMessages":[]}],"startTime":1773266834483,"endTime":1773266834625,"status":"failed","message":"","name":"/Users/danielmendes/Library/Mobile Documents/com~apple~CloudDocs/1. DATI/1.1. DATI > ENGENHARIA DE PRODUTO/dati_control/js/tests/unit/navigation.test.js"},{"assertionResults":[{"ancestorTitles":["","state.js — estrutura inicial"],"fullName":" state.js — estrutura inicial deve ter o array companies","status":"passed","title":"deve ter o array companies","duration":1,"failureMessages":[]},{"ancestorTitles":["","state.js — estrutura inicial"],"fullName":" state.js — estrutura inicial deve ter currentEditingId nulo por padrão","status":"passed","title":"deve ter currentEditingId nulo por padrão","duration":0,"failureMessages":[]},{"ancestorTitles":["","state.js — estrutura inicial"],"fullName":" state.js — estrutura inicial deve ter arrays de temp vazios inicialmente","status":"passed","title":"deve ter arrays de temp vazios inicialmente","duration":4,"failureMessages":[]},{"ancestorTitles":["","state.js — estrutura inicial"],"fullName":" state.js — estrutura inicial editingContatoIndex deve ser -1 por padrão","status":"failed","title":"editingContatoIndex deve ser -1 por padrão","duration":7,"failureMessages":["expected undefined to be -1 // Object.is equality"],"location":{"line":29,"column":43}},{"ancestorTitles":["","state.js — estrutura inicial"],"fullName":" state.js — estrutura inicial editingProdutoIndex deve ser -1 por padrão","status":"failed","title":"editingProdutoIndex deve ser -1 por padrão","duration":1,"failureMessages":["expected undefined to be -1 // Object.is equality"],"location":{"line":33,"column":43}},{"ancestorTitles":["","state.js — resetTempState()"],"fullName":" state.js — resetTempState() deve limpar todos os arrays temporários","status":"passed","title":"deve limpar todos os arrays temporários","duration":1,"failureMessages":[]},{"ancestorTitles":["","state.js — resetTempState()"],"fullName":" state.js — resetTempState() deve resetar os índices de edição para -1","status":"failed","title":"deve resetar os índices de edição para -1","duration":1,"failureMessages":["expected 2 to be -1 // Object.is equality"],"location":{"line":67,"column":43}},{"ancestorTitles":["","state.js — resetTempState()"],"fullName":" state.js — resetTempState() deve resetar o currentEditingId para null","status":"passed","title":"deve resetar o currentEditingId para null","duration":1,"failureMessages":[]}],"startTime":1773266834458,"endTime":1773266834474,"status":"failed","message":"","name":"/Users/danielmendes/Library/Mobile Documents/com~apple~CloudDocs/1. DATI/1.1. DATI > ENGENHARIA DE PRODUTO/dati_control/js/tests/unit/state.test.js"},{"assertionResults":[{"ancestorTitles":["","ui.js — renderDashboard()"],"fullName":" ui.js — renderDashboard() deve renderizar card \"Total de Empresas\" com count 0 se não há empresas","status":"passed","title":"deve renderizar card \"Total de Empresas\" com count 0 se não há empresas","duration":186,"failureMessages":[]},{"ancestorTitles":["","ui.js — renderDashboard()"],"fullName":" ui.js — renderDashboard() deve contar corretamente empresas por status","status":"passed","title":"deve contar corretamente empresas por status","duration":37,"failureMessages":[]},{"ancestorTitles":["","ui.js — renderCompanyList()"],"fullName":" ui.js — renderCompanyList() deve mostrar mensagem de vazio quando não há empresas","status":"passed","title":"deve mostrar mensagem de vazio quando não há empresas","duration":6,"failureMessages":[]},{"ancestorTitles":["","ui.js — renderCompanyList()"],"fullName":" ui.js — renderCompanyList() deve renderizar uma linha da tabela por empresa","status":"passed","title":"deve renderizar uma linha da tabela por empresa","duration":16,"failureMessages":[]},{"ancestorTitles":["","ui.js — renderCompanyList()"],"fullName":" ui.js — renderCompanyList() deve filtrar empresas pelo campo de busca","status":"passed","title":"deve filtrar empresas pelo campo de busca","duration":12,"failureMessages":[]},{"ancestorTitles":["","ui.js — renderCompanyList()"],"fullName":" ui.js — renderCompanyList() deve filtrar empresas pelo select de status","status":"passed","title":"deve filtrar empresas pelo select de status","duration":14,"failureMessages":[]},{"ancestorTitles":["","ui.js — renderCompanyList()"],"fullName":" ui.js — renderCompanyList() Health Score NÃO deve aparecer para status Prospect","status":"passed","title":"Health Score NÃO deve aparecer para status Prospect","duration":11,"failureMessages":[]},{"ancestorTitles":["","ui.js — renderCompanyList()"],"fullName":" ui.js — renderCompanyList() Health Score DEVE aparecer para status Cliente Ativo","status":"failed","title":"Health Score DEVE aparecer para status Cliente Ativo","duration":15,"failureMessages":["expected '<tr data-id=\"1\">\\n            <td cla…' to contain 'Saudável'"],"location":{"line":157,"column":22}},{"ancestorTitles":["","ui.js — renderContatosTable()"],"fullName":" ui.js — renderContatosTable() deve mostrar mensagem de vazio quando não há contatos","status":"passed","title":"deve mostrar mensagem de vazio quando não há contatos","duration":3,"failureMessages":[]},{"ancestorTitles":["","ui.js — renderContatosTable()"],"fullName":" ui.js — renderContatosTable() deve renderizar uma linha por contato","status":"passed","title":"deve renderizar uma linha por contato","duration":4,"failureMessages":[]},{"ancestorTitles":["","ui.js — renderCSTimeline()"],"fullName":" ui.js — renderCSTimeline() deve mostrar mensagem de vazio quando não há notas","status":"failed","title":"deve mostrar mensagem de vazio quando não há notas","duration":4,"failureMessages":["expected '' to contain 'Nenhuma observação registrada'"],"location":{"line":189,"column":66}},{"ancestorTitles":["","ui.js — renderCSTimeline()"],"fullName":" ui.js — renderCSTimeline() deve renderizar notas em ordem decrescente de data","status":"passed","title":"deve renderizar notas em ordem decrescente de data","duration":7,"failureMessages":[]}],"startTime":1773266834474,"endTime":1773266834790,"status":"failed","message":"","name":"/Users/danielmendes/Library/Mobile Documents/com~apple~CloudDocs/1. DATI/1.1. DATI > ENGENHARIA DE PRODUTO/dati_control/js/tests/unit/ui.test.js"},{"assertionResults":[{"ancestorTitles":["","utils.js — maskCurrency()"],"fullName":" utils.js — maskCurrency() deve formatar 100 como \"1,00\"","status":"failed","title":"deve formatar 100 como \"1,00\"","duration":6,"failureMessages":["maskCurrency is not a function"],"location":{"line":27,"column":9}},{"ancestorTitles":["","utils.js — maskCurrency()"],"fullName":" utils.js — maskCurrency() deve formatar 150000 como \"1.500,00\"","status":"failed","title":"deve formatar 150000 como \"1.500,00\"","duration":2,"failureMessages":["maskCurrency is not a function"],"location":{"line":33,"column":9}},{"ancestorTitles":["","utils.js — maskCurrency()"],"fullName":" utils.js — maskCurrency() deve formatar 10000000 como \"100.000,00\"","status":"failed","title":"deve formatar 10000000 como \"100.000,00\"","duration":2,"failureMessages":["maskCurrency is not a function"],"location":{"line":39,"column":9}},{"ancestorTitles":["","utils.js — maskCurrency()"],"fullName":" utils.js — maskCurrency() deve remover caracteres não numéricos antes de formatar","status":"failed","title":"deve remover caracteres não numéricos antes de formatar","duration":1,"failureMessages":["maskCurrency is not a function"],"location":{"line":45,"column":9}},{"ancestorTitles":["","utils.js — maskCurrency()"],"fullName":" utils.js — maskCurrency() deve retornar \"0,00\" para string vazia","status":"failed","title":"deve retornar \"0,00\" para string vazia","duration":1,"failureMessages":["maskCurrency is not a function"],"location":{"line":51,"column":9}},{"ancestorTitles":["","utils.js — getBase64()"],"fullName":" utils.js — getBase64() deve retornar null para arquivo undefined","status":"passed","title":"deve retornar null para arquivo undefined","duration":1,"failureMessages":[]},{"ancestorTitles":["","utils.js — getBase64()"],"fullName":" utils.js — getBase64() deve rejeitar arquivos maiores que 2MB","status":"failed","title":"deve rejeitar arquivos maiores que 2MB","duration":1,"failureMessages":[".toMatch() expects to receive a string, but got object"]}],"startTime":1773266834499,"endTime":1773266834513,"status":"failed","message":"","name":"/Users/danielmendes/Library/Mobile Documents/com~apple~CloudDocs/1. DATI/1.1. DATI > ENGENHARIA DE PRODUTO/dati_control/js/tests/unit/utils.test.js"}]}