{"numTotalTestSuites":61,"numPassedTestSuites":61,"numFailedTestSuites":0,"numPendingTestSuites":0,"numTotalTests":187,"numPassedTests":165,"numFailedTests":22,"numPendingTests":0,"numTodoTests":0,"startTime":1773673039367,"success":false,"testResults":[{"assertionResults":[{"ancestorTitles":["","activities.js — CONSTANTES"],"fullName":" activities.js — CONSTANTES ACTIVITY_TYPES contém os 5 tipos esperados","status":"passed","title":"ACTIVITY_TYPES contém os 5 tipos esperados","duration":4,"failureMessages":[]},{"ancestorTitles":["","activities.js — CONSTANTES"],"fullName":" activities.js — CONSTANTES ACTIVITY_DEPARTMENTS contém Customer Success e Help Desk","status":"passed","title":"ACTIVITY_DEPARTMENTS contém Customer Success e Help Desk","duration":0,"failureMessages":[]},{"ancestorTitles":["","activities.js — CONSTANTES"],"fullName":" activities.js — CONSTANTES ACTIVITY_STATUSES tem 4 valores","status":"failed","title":"ACTIVITY_STATUSES tem 4 valores","duration":22,"failureMessages":["expected [ 'A Fazer', 'Em Andamento', …(2) ] to include 'Aberta'"],"location":{"line":60,"column":35}},{"ancestorTitles":["","activities.js — CONSTANTES"],"fullName":" activities.js — CONSTANTES ACTIVITY_PRIORITIES inclui \"urgente\"","status":"passed","title":"ACTIVITY_PRIORITIES inclui \"urgente\"","duration":1,"failureMessages":[]},{"ancestorTitles":["","activities.js — mapeamento de tempo (_formatMinutes)"],"fullName":" activities.js — mapeamento de tempo (_formatMinutes) deve formatar 90 min como \"1h 30min\"","status":"passed","title":"deve formatar 90 min como \"1h 30min\"","duration":0,"failureMessages":[]},{"ancestorTitles":["","activities.js — mapeamento de tempo (_formatMinutes)"],"fullName":" activities.js — mapeamento de tempo (_formatMinutes) deve formatar 45 min como \"45min\"","status":"passed","title":"deve formatar 45 min como \"45min\"","duration":3,"failureMessages":[]},{"ancestorTitles":["","activities.js — mapeamento de tempo (_formatMinutes)"],"fullName":" activities.js — mapeamento de tempo (_formatMinutes) deve formatar 0 min como \"-\"","status":"passed","title":"deve formatar 0 min como \"-\"","duration":0,"failureMessages":[]},{"ancestorTitles":["","activities.js — mapeamento de tempo (_formatMinutes)"],"fullName":" activities.js — mapeamento de tempo (_formatMinutes) deve formatar 120 min como \"2h 0min\"","status":"passed","title":"deve formatar 120 min como \"2h 0min\"","duration":1,"failureMessages":[]},{"ancestorTitles":["","activities.js — construção de payload"],"fullName":" activities.js — construção de payload assignees: split por vírgula e trim correto","status":"passed","title":"assignees: split por vírgula e trim correto","duration":1,"failureMessages":[]},{"ancestorTitles":["","activities.js — construção de payload"],"fullName":" activities.js — construção de payload assignees vazio resulta em array vazio","status":"passed","title":"assignees vazio resulta em array vazio","duration":0,"failureMessages":[]},{"ancestorTitles":["","activities.js — construção de payload"],"fullName":" activities.js — construção de payload assignees com apenas espaços resulta em array vazio","status":"passed","title":"assignees com apenas espaços resulta em array vazio","duration":0,"failureMessages":[]},{"ancestorTitles":["","activities.js — construção de payload"],"fullName":" activities.js — construção de payload tempo manual prevalece sobre timer quando > 0","status":"passed","title":"tempo manual prevalece sobre timer quando > 0","duration":0,"failureMessages":[]},{"ancestorTitles":["","activities.js — construção de payload"],"fullName":" activities.js — construção de payload timer é usado quando tempo manual é 0","status":"passed","title":"timer é usado quando tempo manual é 0","duration":0,"failureMessages":[]},{"ancestorTitles":["","activities.js — construção de payload"],"fullName":" activities.js — construção de payload ambos zero → null (sem tempo registrado)","status":"passed","title":"ambos zero → null (sem tempo registrado)","duration":0,"failureMessages":[]},{"ancestorTitles":["","activities.js — extração de @mentions"],"fullName":" activities.js — extração de @mentions extrai um mention corretamente","status":"passed","title":"extrai um mention corretamente","duration":0,"failureMessages":[]},{"ancestorTitles":["","activities.js — extração de @mentions"],"fullName":" activities.js — extração de @mentions extrai múltiplos mentions únicos","status":"passed","title":"extrai múltiplos mentions únicos","duration":0,"failureMessages":[]},{"ancestorTitles":["","activities.js — extração de @mentions"],"fullName":" activities.js — extração de @mentions retorna array vazio sem mentions","status":"passed","title":"retorna array vazio sem mentions","duration":0,"failureMessages":[]},{"ancestorTitles":["","activities.js — extração de @mentions"],"fullName":" activities.js — extração de @mentions não captura @ sem formato correto","status":"passed","title":"não captura @ sem formato correto","duration":0,"failureMessages":[]},{"ancestorTitles":["","activities.js — status colors"],"fullName":" activities.js — status colors \"Aberta\" tem cor roxa","status":"passed","title":"\"Aberta\" tem cor roxa","duration":1,"failureMessages":[]},{"ancestorTitles":["","activities.js — status colors"],"fullName":" activities.js — status colors \"Concluída\" tem cor verde","status":"passed","title":"\"Concluída\" tem cor verde","duration":0,"failureMessages":[]},{"ancestorTitles":["","activities.js — status colors"],"fullName":" activities.js — status colors status desconhecido retorna cor default","status":"passed","title":"status desconhecido retorna cor default","duration":0,"failureMessages":[]}],"startTime":1773673045171,"endTime":1773673045206,"status":"failed","message":"","name":"/Users/danielmendes/Library/Mobile Documents/com~apple~CloudDocs/1. DATI/1.1. DATI > ENGENHARIA DE PRODUTO/dati_control/js/tests/unit/activities.test.js"},{"assertionResults":[{"ancestorTitles":["","api.getCompanies()"],"fullName":" api.getCompanies() retorna array mapeado em caso de sucesso","status":"passed","title":"retorna array mapeado em caso de sucesso","duration":7,"failureMessages":[]},{"ancestorTitles":["","api.getCompanies()"],"fullName":" api.getCompanies() retorna array vazio quando API retorna dado não-array","status":"passed","title":"retorna array vazio quando API retorna dado não-array","duration":4,"failureMessages":[]},{"ancestorTitles":["","api.getCompanies()"],"fullName":" api.getCompanies() envia header Authorization com token Clerk","status":"passed","title":"envia header Authorization com token Clerk","duration":2,"failureMessages":[]},{"ancestorTitles":["","api.getCompanies()"],"fullName":" api.getCompanies() faz GET em /api/companies","status":"passed","title":"faz GET em /api/companies","duration":2,"failureMessages":[]},{"ancestorTitles":["","api.getCompany(id)"],"fullName":" api.getCompany(id) retorna empresa mapeada pelo id","status":"passed","title":"retorna empresa mapeada pelo id","duration":1,"failureMessages":[]},{"ancestorTitles":["","api.getCompany(id)"],"fullName":" api.getCompany(id) inclui o ID na URL","status":"passed","title":"inclui o ID na URL","duration":5,"failureMessages":[]},{"ancestorTitles":["","api.getCompany(id)"],"fullName":" api.getCompany(id) retorna null quando empresa não existe (null body)","status":"passed","title":"retorna null quando empresa não existe (null body)","duration":1,"failureMessages":[]},{"ancestorTitles":["","api.createCompany(data)"],"fullName":" api.createCompany(data) envia POST com body JSON e retorna empresa mapeada","status":"passed","title":"envia POST com body JSON e retorna empresa mapeada","duration":1,"failureMessages":[]},{"ancestorTitles":["","api.createCompany(data)"],"fullName":" api.createCompany(data) envia Content-Type correto","status":"passed","title":"envia Content-Type correto","duration":3,"failureMessages":[]},{"ancestorTitles":["","api.createCompany(data)"],"fullName":" api.createCompany(data) passa dados extras no body sem perder campos","status":"passed","title":"passa dados extras no body sem perder campos","duration":1,"failureMessages":[]},{"ancestorTitles":["","api.updateCompany(id, data)"],"fullName":" api.updateCompany(id, data) envia PUT para /api/companies/:id","status":"passed","title":"envia PUT para /api/companies/:id","duration":1,"failureMessages":[]},{"ancestorTitles":["","api.updateCompany(id, data)"],"fullName":" api.updateCompany(id, data) retorna empresa mapeada após update","status":"passed","title":"retorna empresa mapeada após update","duration":3,"failureMessages":[]},{"ancestorTitles":["","api.updateCompany(id, data)"],"fullName":" api.updateCompany(id, data) body contém apenas os campos enviados","status":"passed","title":"body contém apenas os campos enviados","duration":3,"failureMessages":[]},{"ancestorTitles":["","api.deleteCompany(id)"],"fullName":" api.deleteCompany(id) envia DELETE para /api/companies/:id","status":"passed","title":"envia DELETE para /api/companies/:id","duration":3,"failureMessages":[]},{"ancestorTitles":["","api.deleteCompany(id)"],"fullName":" api.deleteCompany(id) não lança erro quando resposta ok","status":"passed","title":"não lança erro quando resposta ok","duration":6,"failureMessages":[]},{"ancestorTitles":["","api.deleteCompany(id)"],"fullName":" api.deleteCompany(id) lança erro com mensagem quando resposta não ok (404)","status":"passed","title":"lança erro com mensagem quando resposta não ok (404)","duration":5,"failureMessages":[]},{"ancestorTitles":["","api.deleteCompany(id)"],"fullName":" api.deleteCompany(id) lança erro quando HTTP 500","status":"passed","title":"lança erro quando HTTP 500","duration":0,"failureMessages":[]},{"ancestorTitles":["","api — mapeamento mapFromDB"],"fullName":" api — mapeamento mapFromDB mapeia contatos para formato frontend","status":"passed","title":"mapeia contatos para formato frontend","duration":2,"failureMessages":[]},{"ancestorTitles":["","api — mapeamento mapFromDB"],"fullName":" api — mapeamento mapFromDB mapeia produtos para formato frontend","status":"passed","title":"mapeia produtos para formato frontend","duration":4,"failureMessages":[]},{"ancestorTitles":["","api — mapeamento mapFromDB"],"fullName":" api — mapeamento mapFromDB Data_de_follow_up null resulta em proximoPasso = '-'","status":"passed","title":"Data_de_follow_up null resulta em proximoPasso = '-'","duration":1,"failureMessages":[]}],"startTime":1773673045076,"endTime":1773673045136,"status":"passed","message":"","name":"/Users/danielmendes/Library/Mobile Documents/com~apple~CloudDocs/1. DATI/1.1. DATI > ENGENHARIA DE PRODUTO/dati_control/js/tests/unit/api.test.js"},{"assertionResults":[{"ancestorTitles":["","auth.js — handleLogin()"],"fullName":" auth.js — handleLogin() deve autenticar com credenciais corretas e definir sessionStorage","status":"failed","title":"deve autenticar com credenciais corretas e definir sessionStorage","duration":88,"failureMessages":["expected null to be 'true' // Object.is equality"],"location":{"line":52,"column":57}},{"ancestorTitles":["","auth.js — handleLogin()"],"fullName":" auth.js — handleLogin() deve exibir mensagem de erro com credenciais inválidas","status":"failed","title":"deve exibir mensagem de erro com credenciais inválidas","duration":2,"failureMessages":["expected '' to be 'block' // Object.is equality"],"location":{"line":66,"column":35}},{"ancestorTitles":["","auth.js — handleLogin()"],"fullName":" auth.js — handleLogin() NÃO deve autenticar com usuário errado","status":"passed","title":"NÃO deve autenticar com usuário errado","duration":1,"failureMessages":[]},{"ancestorTitles":["","auth.js — handleLogout()"],"fullName":" auth.js — handleLogout() deve remover a chave de autenticação do sessionStorage","status":"failed","title":"deve remover a chave de autenticação do sessionStorage","duration":36,"failureMessages":["expected 'true' to be null"],"location":{"line":86,"column":57}},{"ancestorTitles":["","auth.js — handleLogout()"],"fullName":" auth.js — handleLogout() deve limpar os campos de login após logout","status":"failed","title":"deve limpar os campos de login após logout","duration":3,"failureMessages":["expected 'admin' to be '' // Object.is equality"],"location":{"line":94,"column":59}}],"startTime":1773673046449,"endTime":1773673046579,"status":"failed","message":"","name":"/Users/danielmendes/Library/Mobile Documents/com~apple~CloudDocs/1. DATI/1.1. DATI > ENGENHARIA DE PRODUTO/dati_control/js/tests/unit/auth.test.js"},{"assertionResults":[{"ancestorTitles":["","company-products — calculateTotal()"],"fullName":" company-products — calculateTotal() calcula 150 × 3 = 450","status":"passed","title":"calcula 150 × 3 = 450","duration":11,"failureMessages":[]},{"ancestorTitles":["","company-products — calculateTotal()"],"fullName":" company-products — calculateTotal() calcula com string (como vem do banco como Decimal)","status":"passed","title":"calcula com string (como vem do banco como Decimal)","duration":34,"failureMessages":[]},{"ancestorTitles":["","company-products — calculateTotal()"],"fullName":" company-products — calculateTotal() valorUnitario null → 0","status":"passed","title":"valorUnitario null → 0","duration":1,"failureMessages":[]},{"ancestorTitles":["","company-products — calculateTotal()"],"fullName":" company-products — calculateTotal() qtdUsuarios null → 0","status":"passed","title":"qtdUsuarios null → 0","duration":0,"failureMessages":[]},{"ancestorTitles":["","company-products — calculateTotal()"],"fullName":" company-products — calculateTotal() ambos zero → 0","status":"passed","title":"ambos zero → 0","duration":106,"failureMessages":[]},{"ancestorTitles":["","company-products — calculateTotal()"],"fullName":" company-products — calculateTotal() valor fracionado correto (R$ 99,90 × 10 = R$ 999)","status":"passed","title":"valor fracionado correto (R$ 99,90 × 10 = R$ 999)","duration":230,"failureMessages":[]},{"ancestorTitles":["","company-products — calculateAdditionalUserCost()"],"fullName":" company-products — calculateAdditionalUserCost() 5 usuários extras × R$50 = R$250","status":"passed","title":"5 usuários extras × R$50 = R$250","duration":0,"failureMessages":[]},{"ancestorTitles":["","company-products — calculateAdditionalUserCost()"],"fullName":" company-products — calculateAdditionalUserCost() qtdExtra null → 0","status":"passed","title":"qtdExtra null → 0","duration":1,"failureMessages":[]},{"ancestorTitles":["","company-products — calculateAdditionalUserCost()"],"fullName":" company-products — calculateAdditionalUserCost() valorUserAdic null → 0","status":"passed","title":"valorUserAdic null → 0","duration":0,"failureMessages":[]},{"ancestorTitles":["","company-products — calculateAdditionalUserCost()"],"fullName":" company-products — calculateAdditionalUserCost() aceita strings numéricas do banco","status":"passed","title":"aceita strings numéricas do banco","duration":0,"failureMessages":[]},{"ancestorTitles":["","company-products — validateProduct()"],"fullName":" company-products — validateProduct() produto válido completo → sem erros","status":"passed","title":"produto válido completo → sem erros","duration":44,"failureMessages":[]},{"ancestorTitles":["","company-products — validateProduct()"],"fullName":" company-products — validateProduct() nome vazio → erro obrigatório","status":"passed","title":"nome vazio → erro obrigatório","duration":0,"failureMessages":[]},{"ancestorTitles":["","company-products — validateProduct()"],"fullName":" company-products — validateProduct() tipo de cobrança ausente → erro","status":"passed","title":"tipo de cobrança ausente → erro","duration":0,"failureMessages":[]},{"ancestorTitles":["","company-products — validateProduct()"],"fullName":" company-products — validateProduct() valor unitário negativo → erro","status":"passed","title":"valor unitário negativo → erro","duration":8,"failureMessages":[]},{"ancestorTitles":["","company-products — validateProduct()"],"fullName":" company-products — validateProduct() qtd usuários negativo → erro","status":"passed","title":"qtd usuários negativo → erro","duration":0,"failureMessages":[]},{"ancestorTitles":["","company-products — validateProduct()"],"fullName":" company-products — validateProduct() campos opcionais ausentes → válido","status":"passed","title":"campos opcionais ausentes → válido","duration":0,"failureMessages":[]},{"ancestorTitles":["","company-products — formatCurrency()"],"fullName":" company-products — formatCurrency() 1500 → R$ 1.500,00","status":"passed","title":"1500 → R$ 1.500,00","duration":362,"failureMessages":[]},{"ancestorTitles":["","company-products — formatCurrency()"],"fullName":" company-products — formatCurrency() 99.9 → R$ 99,90","status":"passed","title":"99.9 → R$ 99,90","duration":1,"failureMessages":[]},{"ancestorTitles":["","company-products — formatCurrency()"],"fullName":" company-products — formatCurrency() 0 → R$ 0,00","status":"passed","title":"0 → R$ 0,00","duration":1,"failureMessages":[]},{"ancestorTitles":["","company-products — formatCurrency()"],"fullName":" company-products — formatCurrency() null → R$ 0,00","status":"passed","title":"null → R$ 0,00","duration":0,"failureMessages":[]},{"ancestorTitles":["","company-products — formatCurrency()"],"fullName":" company-products — formatCurrency() string numérica \"1500\" é aceita","status":"passed","title":"string numérica \"1500\" é aceita","duration":0,"failureMessages":[]},{"ancestorTitles":["","company-products — formatCurrency()"],"fullName":" company-products — formatCurrency() NaN → R$ 0,00","status":"passed","title":"NaN → R$ 0,00","duration":1,"failureMessages":[]},{"ancestorTitles":["","company-products — cobrança de setup"],"fullName":" company-products — cobrança de setup Cobranca_setup = true → tem setup","status":"passed","title":"Cobranca_setup = true → tem setup","duration":1,"failureMessages":[]},{"ancestorTitles":["","company-products — cobrança de setup"],"fullName":" company-products — cobrança de setup Cobranca_setup = \"Sim\" → tem setup","status":"passed","title":"Cobranca_setup = \"Sim\" → tem setup","duration":1,"failureMessages":[]},{"ancestorTitles":["","company-products — cobrança de setup"],"fullName":" company-products — cobrança de setup Cobranca_setup = false → não tem setup","status":"passed","title":"Cobranca_setup = false → não tem setup","duration":0,"failureMessages":[]},{"ancestorTitles":["","company-products — cobrança de setup"],"fullName":" company-products — cobrança de setup Cobranca_setup ausente → não tem setup","status":"passed","title":"Cobranca_setup ausente → não tem setup","duration":1,"failureMessages":[]},{"ancestorTitles":["","company-products — cobrança de setup"],"fullName":" company-products — cobrança de setup getSetupTotal com cobrança → retorna valor correto","status":"passed","title":"getSetupTotal com cobrança → retorna valor correto","duration":1,"failureMessages":[]},{"ancestorTitles":["","company-products — cobrança de setup"],"fullName":" company-products — cobrança de setup getSetupTotal sem cobrança → retorna 0","status":"passed","title":"getSetupTotal sem cobrança → retorna 0","duration":1,"failureMessages":[]},{"ancestorTitles":["","company-products — cobrança de setup"],"fullName":" company-products — cobrança de setup getSetupTotal sem Valor_setup → retorna 0","status":"passed","title":"getSetupTotal sem Valor_setup → retorna 0","duration":1,"failureMessages":[]}],"startTime":1773673043842,"endTime":1773673044991,"status":"passed","message":"","name":"/Users/danielmendes/Library/Mobile Documents/com~apple~CloudDocs/1. DATI/1.1. DATI > ENGENHARIA DE PRODUTO/dati_control/js/tests/unit/company-products.test.js"},{"assertionResults":[{"ancestorTitles":["","config.js — DB_KEY"],"fullName":" config.js — DB_KEY deve ter uma chave de banco de dados definida","status":"passed","title":"deve ter uma chave de banco de dados definida","duration":4,"failureMessages":[]},{"ancestorTitles":["","config.js — STATUS_CONFIG"],"fullName":" config.js — STATUS_CONFIG deve ter todos os status esperados","status":"failed","title":"deve ter todos os status esperados","duration":11,"failureMessages":["Status \"Cliente Ativo\" deve existir: expected undefined not to be undefined"],"location":{"line":30,"column":78}},{"ancestorTitles":["","config.js — STATUS_CONFIG"],"fullName":" config.js — STATUS_CONFIG cada status deve ter icon, class e color","status":"failed","title":"cada status deve ter icon, class e color","duration":4,"failureMessages":["Cannot read properties of undefined (reading 'icon')"],"location":{"line":37,"column":27}},{"ancestorTitles":["","config.js — STATUS_CONFIG"],"fullName":" config.js — STATUS_CONFIG classes CSS de status devem seguir o padrão \"status-*\"","status":"failed","title":"classes CSS de status devem seguir o padrão \"status-*\"","duration":4,"failureMessages":["Cannot read properties of undefined (reading 'class')"],"location":{"line":46,"column":42}},{"ancestorTitles":["","config.js — CS_VISIBLE_STATUSES"],"fullName":" config.js — CS_VISIBLE_STATUSES deve ser um array","status":"passed","title":"deve ser um array","duration":0,"failureMessages":[]},{"ancestorTitles":["","config.js — CS_VISIBLE_STATUSES"],"fullName":" config.js — CS_VISIBLE_STATUSES deve incluir apenas os 3 status de cliente","status":"failed","title":"deve incluir apenas os 3 status de cliente","duration":4,"failureMessages":["expected [ 'Ativo', 'Em Contrato', …(2) ] to include 'Cliente Ativo'"],"location":{"line":57,"column":37}},{"ancestorTitles":["","config.js — CS_VISIBLE_STATUSES"],"fullName":" config.js — CS_VISIBLE_STATUSES NÃO deve incluir status de pré-venda","status":"passed","title":"NÃO deve incluir status de pré-venda","duration":0,"failureMessages":[]},{"ancestorTitles":["","config.js — CS_VISIBLE_STATUSES"],"fullName":" config.js — CS_VISIBLE_STATUSES deve ter exatamente 3 itens","status":"failed","title":"deve ter exatamente 3 itens","duration":3,"failureMessages":["expected [ 'Ativo', 'Em Contrato', …(2) ] to have a length of 3 but got 4"],"location":{"line":70,"column":37}}],"startTime":1773673046563,"endTime":1773673046594,"status":"failed","message":"","name":"/Users/danielmendes/Library/Mobile Documents/com~apple~CloudDocs/1. DATI/1.1. DATI > ENGENHARIA DE PRODUTO/dati_control/js/tests/unit/config.test.js"},{"assertionResults":[{"ancestorTitles":["","handlers.js — saveNewContato()"],"fullName":" handlers.js — saveNewContato() deve adicionar um contato quando nome é preenchido","status":"passed","title":"deve adicionar um contato quando nome é preenchido","duration":299,"failureMessages":[]},{"ancestorTitles":["","handlers.js — saveNewContato()"],"fullName":" handlers.js — saveNewContato() NÃO deve adicionar contato quando nome está vazio","status":"passed","title":"NÃO deve adicionar contato quando nome está vazio","duration":4,"failureMessages":[]},{"ancestorTitles":["","handlers.js — saveNewContato()"],"fullName":" handlers.js — saveNewContato() deve limpar campos após salvar","status":"passed","title":"deve limpar campos após salvar","duration":2,"failureMessages":[]},{"ancestorTitles":["","handlers.js — saveTempDashboard()"],"fullName":" handlers.js — saveTempDashboard() deve adicionar um dashboard com todos os campos","status":"passed","title":"deve adicionar um dashboard com todos os campos","duration":71,"failureMessages":[]},{"ancestorTitles":["","handlers.js — saveTempDashboard()"],"fullName":" handlers.js — saveTempDashboard() NÃO deve adicionar dashboard se algum campo obrigatório estiver vazio","status":"passed","title":"NÃO deve adicionar dashboard se algum campo obrigatório estiver vazio","duration":9,"failureMessages":[]},{"ancestorTitles":["","handlers.js — saveTempNPS()"],"fullName":" handlers.js — saveTempNPS() deve adicionar registro NPS com score","status":"failed","title":"deve adicionar registro NPS com score","duration":22,"failureMessages":["expected [] to have a length of 1 but got +0"],"location":{"line":113,"column":38}},{"ancestorTitles":["","handlers.js — saveTempNPS()"],"fullName":" handlers.js — saveTempNPS() NÃO deve salvar NPS sem score","status":"passed","title":"NÃO deve salvar NPS sem score","duration":3,"failureMessages":[]},{"ancestorTitles":["","handlers.js — addCSNote()"],"fullName":" handlers.js — addCSNote() deve adicionar nota ao tempNotes","status":"passed","title":"deve adicionar nota ao tempNotes","duration":19,"failureMessages":[]},{"ancestorTitles":["","handlers.js — addCSNote()"],"fullName":" handlers.js — addCSNote() NÃO deve adicionar nota em branco","status":"passed","title":"NÃO deve adicionar nota em branco","duration":1,"failureMessages":[]},{"ancestorTitles":["","handlers.js — addCSNote()"],"fullName":" handlers.js — addCSNote() deve limpar o campo após salvar","status":"passed","title":"deve limpar o campo após salvar","duration":6,"failureMessages":[]}],"startTime":1773673045154,"endTime":1773673045590,"status":"failed","message":"","name":"/Users/danielmendes/Library/Mobile Documents/com~apple~CloudDocs/1. DATI/1.1. DATI > ENGENHARIA DE PRODUTO/dati_control/js/tests/unit/handlers.test.js"},{"assertionResults":[{"ancestorTitles":["","import — validateImportRow()"],"fullName":" import — validateImportRow() linha válida completa → sem erros","status":"passed","title":"linha válida completa → sem erros","duration":52,"failureMessages":[]},{"ancestorTitles":["","import — validateImportRow()"],"fullName":" import — validateImportRow() empresa vazia → inválido com mensagem obrigatória","status":"passed","title":"empresa vazia → inválido com mensagem obrigatória","duration":0,"failureMessages":[]},{"ancestorTitles":["","import — validateImportRow()"],"fullName":" import — validateImportRow() empresa sem nome (só espaços) → inválida","status":"passed","title":"empresa sem nome (só espaços) → inválida","duration":0,"failureMessages":[]},{"ancestorTitles":["","import — validateImportRow()"],"fullName":" import — validateImportRow() CNPJ com 13 dígitos → erro de tamanho","status":"passed","title":"CNPJ com 13 dígitos → erro de tamanho","duration":100,"failureMessages":[]},{"ancestorTitles":["","import — validateImportRow()"],"fullName":" import — validateImportRow() CNPJ formatado com pontuação é aceito se tiver 14 dígitos","status":"passed","title":"CNPJ formatado com pontuação é aceito se tiver 14 dígitos","duration":555,"failureMessages":[]},{"ancestorTitles":["","import — validateImportRow()"],"fullName":" import — validateImportRow() e-mail sem @ → erro de formato","status":"passed","title":"e-mail sem @ → erro de formato","duration":12,"failureMessages":[]},{"ancestorTitles":["","import — validateImportRow()"],"fullName":" import — validateImportRow() CNPJ ausente é aceito (campo opcional)","status":"passed","title":"CNPJ ausente é aceito (campo opcional)","duration":1,"failureMessages":[]},{"ancestorTitles":["","import — detectDuplicates()"],"fullName":" import — detectDuplicates() array sem duplicados → isDuplicate false para todos","status":"passed","title":"array sem duplicados → isDuplicate false para todos","duration":0,"failureMessages":[]},{"ancestorTitles":["","import — detectDuplicates()"],"fullName":" import — detectDuplicates() segunda ocorrência do mesmo CNPJ → isDuplicate true","status":"passed","title":"segunda ocorrência do mesmo CNPJ → isDuplicate true","duration":1,"failureMessages":[]},{"ancestorTitles":["","import — detectDuplicates()"],"fullName":" import — detectDuplicates() linha sem CNPJ → nunca é duplicata","status":"passed","title":"linha sem CNPJ → nunca é duplicata","duration":0,"failureMessages":[]},{"ancestorTitles":["","import — detectDuplicates()"],"fullName":" import — detectDuplicates() CNPJ com formatações diferentes são normalizados corretamente","status":"passed","title":"CNPJ com formatações diferentes são normalizados corretamente","duration":0,"failureMessages":[]},{"ancestorTitles":["","import — calcQualityScore()"],"fullName":" import — calcQualityScore() 100% válidos → score 100","status":"passed","title":"100% válidos → score 100","duration":0,"failureMessages":[]},{"ancestorTitles":["","import — calcQualityScore()"],"fullName":" import — calcQualityScore() 0 válidos → score 0","status":"passed","title":"0 válidos → score 0","duration":0,"failureMessages":[]},{"ancestorTitles":["","import — calcQualityScore()"],"fullName":" import — calcQualityScore() 80 de 100 → score 80","status":"passed","title":"80 de 100 → score 80","duration":0,"failureMessages":[]},{"ancestorTitles":["","import — calcQualityScore()"],"fullName":" import — calcQualityScore() total 0 → score 0 (sem divisão por zero)","status":"passed","title":"total 0 → score 0 (sem divisão por zero)","duration":0,"failureMessages":[]},{"ancestorTitles":["","import — calcQualityScore()"],"fullName":" import — calcQualityScore() arredonda corretamente (1 de 3 = 33)","status":"passed","title":"arredonda corretamente (1 de 3 = 33)","duration":1,"failureMessages":[]},{"ancestorTitles":["","import — isImportBlocked()"],"fullName":" import — isImportBlocked() 21% inválidos → bloqueado","status":"passed","title":"21% inválidos → bloqueado","duration":0,"failureMessages":[]},{"ancestorTitles":["","import — isImportBlocked()"],"fullName":" import — isImportBlocked() 20% inválidos → não bloqueado (limite exclusivo)","status":"passed","title":"20% inválidos → não bloqueado (limite exclusivo)","duration":0,"failureMessages":[]},{"ancestorTitles":["","import — isImportBlocked()"],"fullName":" import — isImportBlocked() 0% inválidos → não bloqueado","status":"passed","title":"0% inválidos → não bloqueado","duration":0,"failureMessages":[]},{"ancestorTitles":["","import — isImportBlocked()"],"fullName":" import — isImportBlocked() total 0 → não bloqueado","status":"passed","title":"total 0 → não bloqueado","duration":0,"failureMessages":[]},{"ancestorTitles":["","import — isSupportedFormat()"],"fullName":" import — isSupportedFormat() CSV é aceito","status":"passed","title":"CSV é aceito","duration":1,"failureMessages":[]},{"ancestorTitles":["","import — isSupportedFormat()"],"fullName":" import — isSupportedFormat() XLSX é aceito","status":"passed","title":"XLSX é aceito","duration":1,"failureMessages":[]},{"ancestorTitles":["","import — isSupportedFormat()"],"fullName":" import — isSupportedFormat() XLS é aceito","status":"passed","title":"XLS é aceito","duration":1,"failureMessages":[]},{"ancestorTitles":["","import — isSupportedFormat()"],"fullName":" import — isSupportedFormat() PDF não é aceito","status":"passed","title":"PDF não é aceito","duration":0,"failureMessages":[]},{"ancestorTitles":["","import — isSupportedFormat()"],"fullName":" import — isSupportedFormat() DOC não é aceito","status":"passed","title":"DOC não é aceito","duration":0,"failureMessages":[]},{"ancestorTitles":["","import — isSupportedFormat()"],"fullName":" import — isSupportedFormat() arquivo sem extensão → false","status":"passed","title":"arquivo sem extensão → false","duration":0,"failureMessages":[]}],"startTime":1773673043853,"endTime":1773673044590,"status":"passed","message":"","name":"/Users/danielmendes/Library/Mobile Documents/com~apple~CloudDocs/1. DATI/1.1. DATI > ENGENHARIA DE PRODUTO/dati_control/js/tests/unit/importer.test.js"},{"assertionResults":[{"ancestorTitles":["","navigation.js — switchView()"],"fullName":" navigation.js — switchView() deve exibir a view correta e ocultar as outras","status":"passed","title":"deve exibir a view correta e ocultar as outras","duration":119,"failureMessages":[]},{"ancestorTitles":["","navigation.js — switchView()"],"fullName":" navigation.js — switchView() deve marcar o nav-item como active","status":"passed","title":"deve marcar o nav-item como active","duration":7,"failureMessages":[]},{"ancestorTitles":["","navigation.js — switchView()"],"fullName":" navigation.js — switchView() deve mudar de volta para o dashboard","status":"passed","title":"deve mudar de volta para o dashboard","duration":8,"failureMessages":[]},{"ancestorTitles":["","navigation.js — switchFormTab()"],"fullName":" navigation.js — switchFormTab() deve ativar a tab correta e desativar as outras","status":"passed","title":"deve ativar a tab correta e desativar as outras","duration":6,"failureMessages":[]},{"ancestorTitles":["","navigation.js — switchFormTab()"],"fullName":" navigation.js — switchFormTab() deve funcionar sem passar um botão (fallback)","status":"passed","title":"deve funcionar sem passar um botão (fallback)","duration":2,"failureMessages":[]},{"ancestorTitles":["","navigation.js — switchCSSubTab()"],"fullName":" navigation.js — switchCSSubTab() deve ativar o sub-conteúdo CS correto","status":"passed","title":"deve ativar o sub-conteúdo CS correto","duration":4,"failureMessages":[]}],"startTime":1773673046476,"endTime":1773673046623,"status":"passed","message":"","name":"/Users/danielmendes/Library/Mobile Documents/com~apple~CloudDocs/1. DATI/1.1. DATI > ENGENHARIA DE PRODUTO/dati_control/js/tests/unit/navigation.test.js"},{"assertionResults":[{"ancestorTitles":["","state.js — estrutura inicial"],"fullName":" state.js — estrutura inicial deve ter o array companies","status":"passed","title":"deve ter o array companies","duration":1,"failureMessages":[]},{"ancestorTitles":["","state.js — estrutura inicial"],"fullName":" state.js — estrutura inicial deve ter currentEditingId nulo por padrão","status":"passed","title":"deve ter currentEditingId nulo por padrão","duration":1,"failureMessages":[]},{"ancestorTitles":["","state.js — estrutura inicial"],"fullName":" state.js — estrutura inicial deve ter arrays de temp vazios inicialmente","status":"passed","title":"deve ter arrays de temp vazios inicialmente","duration":2,"failureMessages":[]},{"ancestorTitles":["","state.js — estrutura inicial"],"fullName":" state.js — estrutura inicial editingContatoIndex deve ser -1 por padrão","status":"failed","title":"editingContatoIndex deve ser -1 por padrão","duration":13,"failureMessages":["expected undefined to be -1 // Object.is equality"],"location":{"line":29,"column":43}},{"ancestorTitles":["","state.js — estrutura inicial"],"fullName":" state.js — estrutura inicial editingProdutoIndex deve ser -1 por padrão","status":"failed","title":"editingProdutoIndex deve ser -1 por padrão","duration":2,"failureMessages":["expected undefined to be -1 // Object.is equality"],"location":{"line":33,"column":43}},{"ancestorTitles":["","state.js — resetTempState()"],"fullName":" state.js — resetTempState() deve limpar todos os arrays temporários","status":"passed","title":"deve limpar todos os arrays temporários","duration":3,"failureMessages":[]},{"ancestorTitles":["","state.js — resetTempState()"],"fullName":" state.js — resetTempState() deve resetar os índices de edição para -1","status":"failed","title":"deve resetar os índices de edição para -1","duration":5,"failureMessages":["expected 2 to be -1 // Object.is equality"],"location":{"line":67,"column":43}},{"ancestorTitles":["","state.js — resetTempState()"],"fullName":" state.js — resetTempState() deve resetar o currentEditingId para null","status":"passed","title":"deve resetar o currentEditingId para null","duration":1,"failureMessages":[]}],"startTime":1773673046563,"endTime":1773673046591,"status":"failed","message":"","name":"/Users/danielmendes/Library/Mobile Documents/com~apple~CloudDocs/1. DATI/1.1. DATI > ENGENHARIA DE PRODUTO/dati_control/js/tests/unit/state.test.js"},{"assertionResults":[{"ancestorTitles":["","TableManager — constructor"],"fullName":" TableManager — constructor inicializa com dataset completo","status":"passed","title":"inicializa com dataset completo","duration":21,"failureMessages":[]},{"ancestorTitles":["","TableManager — constructor"],"fullName":" TableManager — constructor usa pageSize configurado","status":"passed","title":"usa pageSize configurado","duration":3,"failureMessages":[]},{"ancestorTitles":["","TableManager — constructor"],"fullName":" TableManager — constructor inicia na página 1 sem filtros ativos","status":"passed","title":"inicia na página 1 sem filtros ativos","duration":3,"failureMessages":[]},{"ancestorTitles":["","TableManager — constructor"],"fullName":" TableManager — constructor chama renderRows durante inicialização","status":"passed","title":"chama renderRows durante inicialização","duration":3,"failureMessages":[]},{"ancestorTitles":["","TableManager — setData()"],"fullName":" TableManager — setData() substitui o dataset completo","status":"passed","title":"substitui o dataset completo","duration":1,"failureMessages":[]},{"ancestorTitles":["","TableManager — setData()"],"fullName":" TableManager — setData() reseta para página 1 após setData","status":"passed","title":"reseta para página 1 após setData","duration":2,"failureMessages":[]},{"ancestorTitles":["","TableManager — setData()"],"fullName":" TableManager — setData() mantém filtros ativos após setData","status":"passed","title":"mantém filtros ativos após setData","duration":4,"failureMessages":[]},{"ancestorTitles":["","TableManager — setData()"],"fullName":" TableManager — setData() aceita array vazio sem erro","status":"passed","title":"aceita array vazio sem erro","duration":1,"failureMessages":[]},{"ancestorTitles":["","TableManager — setSearch()"],"fullName":" TableManager — setSearch() filtra por texto parcial (case-insensitive)","status":"passed","title":"filtra por texto parcial (case-insensitive)","duration":6,"failureMessages":[]},{"ancestorTitles":["","TableManager — setSearch()"],"fullName":" TableManager — setSearch() retorna todos quando query está vazia","status":"passed","title":"retorna todos quando query está vazia","duration":2,"failureMessages":[]},{"ancestorTitles":["","TableManager — setSearch()"],"fullName":" TableManager — setSearch() retorna zero quando nada bate","status":"passed","title":"retorna zero quando nada bate","duration":1,"failureMessages":[]},{"ancestorTitles":["","TableManager — setSearch()"],"fullName":" TableManager — setSearch() reseta para página 1 após busca","status":"passed","title":"reseta para página 1 após busca","duration":2,"failureMessages":[]},{"ancestorTitles":["","TableManager — setFilter() e clearFilters()"],"fullName":" TableManager — setFilter() e clearFilters() filtra por valor exato de coluna","status":"passed","title":"filtra por valor exato de coluna","duration":2,"failureMessages":[]},{"ancestorTitles":["","TableManager — setFilter() e clearFilters()"],"fullName":" TableManager — setFilter() e clearFilters() remove filtro quando valor é vazio","status":"passed","title":"remove filtro quando valor é vazio","duration":2,"failureMessages":[]},{"ancestorTitles":["","TableManager — setFilter() e clearFilters()"],"fullName":" TableManager — setFilter() e clearFilters() remove filtro quando valor é null","status":"passed","title":"remove filtro quando valor é null","duration":1,"failureMessages":[]},{"ancestorTitles":["","TableManager — setFilter() e clearFilters()"],"fullName":" TableManager — setFilter() e clearFilters() clearFilters() remove todos os filtros e busca","status":"passed","title":"clearFilters() remove todos os filtros e busca","duration":1,"failureMessages":[]},{"ancestorTitles":["","TableManager — setFilter() e clearFilters()"],"fullName":" TableManager — setFilter() e clearFilters() getActiveFilters() retorna os filtros ativos","status":"passed","title":"getActiveFilters() retorna os filtros ativos","duration":7,"failureMessages":[]},{"ancestorTitles":["","TableManager — setSort()"],"fullName":" TableManager — setSort() ordena ASC na primeira chamada","status":"passed","title":"ordena ASC na primeira chamada","duration":4,"failureMessages":[]},{"ancestorTitles":["","TableManager — setSort()"],"fullName":" TableManager — setSort() alterna para DESC na segunda chamada da mesma coluna","status":"passed","title":"alterna para DESC na segunda chamada da mesma coluna","duration":0,"failureMessages":[]},{"ancestorTitles":["","TableManager — setSort()"],"fullName":" TableManager — setSort() remove ordenação na terceira chamada","status":"passed","title":"remove ordenação na terceira chamada","duration":0,"failureMessages":[]},{"ancestorTitles":["","TableManager — setSort()"],"fullName":" TableManager — setSort() ordena coluna numérica corretamente","status":"passed","title":"ordena coluna numérica corretamente","duration":2,"failureMessages":[]},{"ancestorTitles":["","TableManager — paginação"],"fullName":" TableManager — paginação goToPage() retorna a fatia correta","status":"passed","title":"goToPage() retorna a fatia correta","duration":1,"failureMessages":[]},{"ancestorTitles":["","TableManager — paginação"],"fullName":" TableManager — paginação goToPage() ignora página inválida","status":"passed","title":"goToPage() ignora página inválida","duration":2,"failureMessages":[]},{"ancestorTitles":["","TableManager — paginação"],"fullName":" TableManager — paginação setPageSize() muda o tamanho e volta para página 1","status":"passed","title":"setPageSize() muda o tamanho e volta para página 1","duration":4,"failureMessages":[]},{"ancestorTitles":["","TableManager — paginação"],"fullName":" TableManager — paginação totalPages é calculado corretamente","status":"passed","title":"totalPages é calculado corretamente","duration":0,"failureMessages":[]},{"ancestorTitles":["","TableManager — seleção múltipla"],"fullName":" TableManager — seleção múltipla toggleSelect() adiciona ID ao set","status":"passed","title":"toggleSelect() adiciona ID ao set","duration":3,"failureMessages":[]},{"ancestorTitles":["","TableManager — seleção múltipla"],"fullName":" TableManager — seleção múltipla toggleSelect() duas vezes remove o ID","status":"passed","title":"toggleSelect() duas vezes remove o ID","duration":1,"failureMessages":[]},{"ancestorTitles":["","TableManager — seleção múltipla"],"fullName":" TableManager — seleção múltipla isSelected() retorna estado correto","status":"passed","title":"isSelected() retorna estado correto","duration":0,"failureMessages":[]},{"ancestorTitles":["","TableManager — seleção múltipla"],"fullName":" TableManager — seleção múltipla toggleSelectAll(true) seleciona todos da página","status":"passed","title":"toggleSelectAll(true) seleciona todos da página","duration":0,"failureMessages":[]},{"ancestorTitles":["","TableManager — seleção múltipla"],"fullName":" TableManager — seleção múltipla toggleSelectAll(false) deseleciona a página","status":"passed","title":"toggleSelectAll(false) deseleciona a página","duration":0,"failureMessages":[]},{"ancestorTitles":["","TableManager — seleção múltipla"],"fullName":" TableManager — seleção múltipla clearSelection() zera tudo","status":"passed","title":"clearSelection() zera tudo","duration":0,"failureMessages":[]},{"ancestorTitles":["","TableManager — seleção múltipla"],"fullName":" TableManager — seleção múltipla getSelectedItems() retorna objetos completos","status":"passed","title":"getSelectedItems() retorna objetos completos","duration":5,"failureMessages":[]},{"ancestorTitles":["","TableManager — leitura de dados"],"fullName":" TableManager — leitura de dados getFilteredData() retorna cópia (não referência)","status":"passed","title":"getFilteredData() retorna cópia (não referência)","duration":3,"failureMessages":[]},{"ancestorTitles":["","TableManager — leitura de dados"],"fullName":" TableManager — leitura de dados getPaginatedData() respeita pageSize","status":"passed","title":"getPaginatedData() respeita pageSize","duration":1,"failureMessages":[]},{"ancestorTitles":["","TableManager — leitura de dados"],"fullName":" TableManager — leitura de dados última página pode ter menos itens","status":"passed","title":"última página pode ter menos itens","duration":0,"failureMessages":[]}],"startTime":1773673045078,"endTime":1773673045173,"status":"passed","message":"","name":"/Users/danielmendes/Library/Mobile Documents/com~apple~CloudDocs/1. DATI/1.1. DATI > ENGENHARIA DE PRODUTO/dati_control/js/tests/unit/table-manager.test.js"},{"assertionResults":[{"ancestorTitles":["","ui.js — renderDashboard()"],"fullName":" ui.js — renderDashboard() deve renderizar card \"Total de Empresas\" com count 0 se não há empresas","status":"passed","title":"deve renderizar card \"Total de Empresas\" com count 0 se não há empresas","duration":470,"failureMessages":[]},{"ancestorTitles":["","ui.js — renderDashboard()"],"fullName":" ui.js — renderDashboard() deve contar corretamente empresas por status","status":"passed","title":"deve contar corretamente empresas por status","duration":122,"failureMessages":[]},{"ancestorTitles":["","ui.js — renderCompanyList()"],"fullName":" ui.js — renderCompanyList() deve mostrar mensagem de vazio quando não há empresas","status":"passed","title":"deve mostrar mensagem de vazio quando não há empresas","duration":17,"failureMessages":[]},{"ancestorTitles":["","ui.js — renderCompanyList()"],"fullName":" ui.js — renderCompanyList() deve renderizar uma linha da tabela por empresa","status":"passed","title":"deve renderizar uma linha da tabela por empresa","duration":80,"failureMessages":[]},{"ancestorTitles":["","ui.js — renderCompanyList()"],"fullName":" ui.js — renderCompanyList() deve filtrar empresas pelo campo de busca","status":"passed","title":"deve filtrar empresas pelo campo de busca","duration":45,"failureMessages":[]},{"ancestorTitles":["","ui.js — renderCompanyList()"],"fullName":" ui.js — renderCompanyList() deve filtrar empresas pelo select de status","status":"passed","title":"deve filtrar empresas pelo select de status","duration":50,"failureMessages":[]},{"ancestorTitles":["","ui.js — renderCompanyList()"],"fullName":" ui.js — renderCompanyList() Health Score NÃO deve aparecer para status Prospect","status":"passed","title":"Health Score NÃO deve aparecer para status Prospect","duration":23,"failureMessages":[]},{"ancestorTitles":["","ui.js — renderCompanyList()"],"fullName":" ui.js — renderCompanyList() Health Score DEVE aparecer para status Cliente Ativo","status":"failed","title":"Health Score DEVE aparecer para status Cliente Ativo","duration":37,"failureMessages":["expected '<tr data-id=\"1\">\\n            <td cla…' to contain 'Saudável'"],"location":{"line":157,"column":22}},{"ancestorTitles":["","ui.js — renderContatosTable()"],"fullName":" ui.js — renderContatosTable() deve mostrar mensagem de vazio quando não há contatos","status":"passed","title":"deve mostrar mensagem de vazio quando não há contatos","duration":6,"failureMessages":[]},{"ancestorTitles":["","ui.js — renderContatosTable()"],"fullName":" ui.js — renderContatosTable() deve renderizar uma linha por contato","status":"passed","title":"deve renderizar uma linha por contato","duration":16,"failureMessages":[]},{"ancestorTitles":["","ui.js — renderCSTimeline()"],"fullName":" ui.js — renderCSTimeline() deve mostrar mensagem de vazio quando não há notas","status":"failed","title":"deve mostrar mensagem de vazio quando não há notas","duration":9,"failureMessages":["expected '' to contain 'Nenhuma observação registrada'"],"location":{"line":189,"column":66}},{"ancestorTitles":["","ui.js — renderCSTimeline()"],"fullName":" ui.js — renderCSTimeline() deve renderizar notas em ordem decrescente de data","status":"passed","title":"deve renderizar notas em ordem decrescente de data","duration":30,"failureMessages":[]}],"startTime":1773673045138,"endTime":1773673046044,"status":"failed","message":"","name":"/Users/danielmendes/Library/Mobile Documents/com~apple~CloudDocs/1. DATI/1.1. DATI > ENGENHARIA DE PRODUTO/dati_control/js/tests/unit/ui.test.js"},{"assertionResults":[{"ancestorTitles":["","utils.js — maskCurrency()"],"fullName":" utils.js — maskCurrency() deve formatar 100 como \"1,00\"","status":"failed","title":"deve formatar 100 como \"1,00\"","duration":13,"failureMessages":["maskCurrency is not a function"],"location":{"line":27,"column":9}},{"ancestorTitles":["","utils.js — maskCurrency()"],"fullName":" utils.js — maskCurrency() deve formatar 150000 como \"1.500,00\"","status":"failed","title":"deve formatar 150000 como \"1.500,00\"","duration":2,"failureMessages":["maskCurrency is not a function"],"location":{"line":33,"column":9}},{"ancestorTitles":["","utils.js — maskCurrency()"],"fullName":" utils.js — maskCurrency() deve formatar 10000000 como \"100.000,00\"","status":"failed","title":"deve formatar 10000000 como \"100.000,00\"","duration":1,"failureMessages":["maskCurrency is not a function"],"location":{"line":39,"column":9}},{"ancestorTitles":["","utils.js — maskCurrency()"],"fullName":" utils.js — maskCurrency() deve remover caracteres não numéricos antes de formatar","status":"failed","title":"deve remover caracteres não numéricos antes de formatar","duration":0,"failureMessages":["maskCurrency is not a function"],"location":{"line":45,"column":9}},{"ancestorTitles":["","utils.js — maskCurrency()"],"fullName":" utils.js — maskCurrency() deve retornar \"0,00\" para string vazia","status":"failed","title":"deve retornar \"0,00\" para string vazia","duration":1,"failureMessages":["maskCurrency is not a function"],"location":{"line":51,"column":9}},{"ancestorTitles":["","utils.js — getBase64()"],"fullName":" utils.js — getBase64() deve retornar null para arquivo undefined","status":"passed","title":"deve retornar null para arquivo undefined","duration":1,"failureMessages":[]},{"ancestorTitles":["","utils.js — getBase64()"],"fullName":" utils.js — getBase64() deve rejeitar arquivos maiores que 2MB","status":"failed","title":"deve rejeitar arquivos maiores que 2MB","duration":1,"failureMessages":[".toMatch() expects to receive a string, but got object"]}],"startTime":1773673046560,"endTime":1773673046579,"status":"failed","message":"","name":"/Users/danielmendes/Library/Mobile Documents/com~apple~CloudDocs/1. DATI/1.1. DATI > ENGENHARIA DE PRODUTO/dati_control/js/tests/unit/utils.test.js"}]}